f:\ztpwc++\lab2\debug\vc120.pdb
f:\ztpwc++\lab2\debug\vc120.idb
f:\ztpwc++\lab2\debug\kot.obj
f:\ztpwc++\lab2\debug\lab2.obj
f:\ztpwc++\lab2\debug\pies.obj
f:\ztpwc++\lab2\debug\zwierz.obj
f:\ztpwc++\debug\lab2.ilk
f:\ztpwc++\debug\lab2.exe
f:\ztpwc++\debug\lab2.pdb
d:\users\203327\desktop\ztpwc++\lab2\debug\kot.obj
d:\users\203327\desktop\ztpwc++\lab2\debug\lab2.obj
d:\users\203327\desktop\ztpwc++\lab2\debug\pies.obj
d:\users\203327\desktop\ztpwc++\lab2\debug\zwierz.obj
d:\users\203327\desktop\ztpwc++\lab2\debug\vc120.idb
d:\users\203327\desktop\ztpwc++\lab2\debug\vc120.pdb
d:\users\203327\desktop\ztpwc++\debug\lab2.pdb
d:\users\203327\desktop\ztpwc++\debug\lab2.exe
d:\users\203327\desktop\ztpwc++\debug\lab2.ilk
d:\users\203327\desktop\ztpwc++\lab2\debug\lab2.tlog\cl.command.1.tlog
d:\users\203327\desktop\ztpwc++\lab2\debug\lab2.tlog\cl.read.1.tlog
d:\users\203327\desktop\ztpwc++\lab2\debug\lab2.tlog\cl.write.1.tlog
d:\users\203327\desktop\ztpwc++\lab2\debug\lab2.tlog\link.command.1.tlog
d:\users\203327\desktop\ztpwc++\lab2\debug\lab2.tlog\link.read.1.tlog
d:\users\203327\desktop\ztpwc++\lab2\debug\lab2.tlog\link.write.1.tlog
