f:\ztpwc++\lab8\debug\vc120.pdb
f:\ztpwc++\lab8\debug\vc120.idb
f:\ztpwc++\lab8\debug\main.obj
f:\ztpwc++\lab8\debug\vector.obj
f:\ztpwc++\debug\lab8.ilk
f:\ztpwc++\debug\lab8.exe
f:\ztpwc++\debug\lab8.pdb
d:\users\203327\desktop\ztpwc++\lab8\debug\main.obj
d:\users\203327\desktop\ztpwc++\lab8\debug\vector.obj
d:\users\203327\desktop\ztpwc++\lab8\debug\vc120.idb
d:\users\203327\desktop\ztpwc++\lab8\debug\vc120.pdb
d:\users\203327\desktop\ztpwc++\debug\lab8.pdb
d:\users\203327\desktop\ztpwc++\debug\lab8.exe
d:\users\203327\desktop\ztpwc++\debug\lab8.ilk
d:\users\203327\desktop\ztpwc++\lab8\debug\lab8.tlog\cl.command.1.tlog
d:\users\203327\desktop\ztpwc++\lab8\debug\lab8.tlog\cl.read.1.tlog
d:\users\203327\desktop\ztpwc++\lab8\debug\lab8.tlog\cl.write.1.tlog
d:\users\203327\desktop\ztpwc++\lab8\debug\lab8.tlog\link.command.1.tlog
d:\users\203327\desktop\ztpwc++\lab8\debug\lab8.tlog\link.read.1.tlog
d:\users\203327\desktop\ztpwc++\lab8\debug\lab8.tlog\link.write.1.tlog
