f:\ztpwc++\lab10\debug\vc120.pdb
f:\ztpwc++\lab10\debug\vc120.idb
f:\ztpwc++\lab10\debug\main.obj
f:\ztpwc++\lab10\debug\vector.obj
f:\ztpwc++\debug\lab10.ilk
f:\ztpwc++\debug\lab10.exe
f:\ztpwc++\debug\lab10.pdb
d:\users\203327\desktop\ztpwc++\lab10\debug\main.obj
d:\users\203327\desktop\ztpwc++\lab10\debug\vector.obj
d:\users\203327\desktop\ztpwc++\lab10\debug\vc120.idb
d:\users\203327\desktop\ztpwc++\lab10\debug\vc120.pdb
d:\users\203327\desktop\ztpwc++\debug\lab10.pdb
d:\users\203327\desktop\ztpwc++\debug\lab10.exe
d:\users\203327\desktop\ztpwc++\debug\lab10.ilk
d:\users\203327\desktop\ztpwc++\lab10\debug\lab10.tlog\cl.command.1.tlog
d:\users\203327\desktop\ztpwc++\lab10\debug\lab10.tlog\cl.read.1.tlog
d:\users\203327\desktop\ztpwc++\lab10\debug\lab10.tlog\cl.write.1.tlog
d:\users\203327\desktop\ztpwc++\lab10\debug\lab10.tlog\link.command.1.tlog
d:\users\203327\desktop\ztpwc++\lab10\debug\lab10.tlog\link.read.1.tlog
d:\users\203327\desktop\ztpwc++\lab10\debug\lab10.tlog\link.write.1.tlog
