f:\ztpwc++\lab7\debug\vc120.pdb
f:\ztpwc++\lab7\debug\vc120.idb
f:\ztpwc++\lab7\debug\main.obj
f:\ztpwc++\lab7\debug\vector.obj
f:\ztpwc++\debug\lab7.ilk
f:\ztpwc++\debug\lab7.exe
f:\ztpwc++\debug\lab7.pdb
d:\users\203327\desktop\ztpwc++\lab7\debug\main.obj
d:\users\203327\desktop\ztpwc++\lab7\debug\vector.obj
d:\users\203327\desktop\ztpwc++\lab7\debug\vc120.idb
d:\users\203327\desktop\ztpwc++\lab7\debug\vc120.pdb
d:\users\203327\desktop\ztpwc++\debug\lab7.pdb
d:\users\203327\desktop\ztpwc++\debug\lab7.exe
d:\users\203327\desktop\ztpwc++\debug\lab7.ilk
d:\users\203327\desktop\ztpwc++\lab7\debug\lab7.tlog\cl.command.1.tlog
d:\users\203327\desktop\ztpwc++\lab7\debug\lab7.tlog\cl.read.1.tlog
d:\users\203327\desktop\ztpwc++\lab7\debug\lab7.tlog\cl.write.1.tlog
d:\users\203327\desktop\ztpwc++\lab7\debug\lab7.tlog\link.command.1.tlog
d:\users\203327\desktop\ztpwc++\lab7\debug\lab7.tlog\link.read.1.tlog
d:\users\203327\desktop\ztpwc++\lab7\debug\lab7.tlog\link.write.1.tlog
